2018-07-17 09:20:37,857 INFO  o.s.c.a.AnnotationConfigApplicationContext - Refreshing org.springframework.context.annotation.AnnotationConfigApplicationContext@67d48005: startup date [Tue Jul 17 09:20:37 MSK 2018]; root of context hierarchy
2018-07-17 09:20:38,137 INFO  o.s.b.f.a.AutowiredAnnotationBeanPostProcessor - JSR-330 'javax.inject.Inject' annotation found and supported for autowiring
2018-07-17 09:20:38,253 INFO  o.s.c.s.PostProcessorRegistrationDelegate$BeanPostProcessorChecker - Bean 'configurationPropertiesRebinderAutoConfiguration' of type [class org.springframework.cloud.autoconfigure.ConfigurationPropertiesRebinderAutoConfiguration$$EnhancerBySpringCGLIB$$5d0f3673] is not eligible for getting processed by all BeanPostProcessors (for example: not eligible for auto-proxying)
2018-07-17 09:20:38,973 INFO  o.s.c.c.c.ConfigServicePropertySourceLocator - Fetching config from server at: http://localhost:8888
2018-07-17 09:20:40,081 WARN  o.s.c.c.c.ConfigServicePropertySourceLocator - Could not locate PropertySource: I/O error on GET request for "http://localhost:8888/application/default": Connection refused: connect; nested exception is java.net.ConnectException: Connection refused: connect
2018-07-17 09:20:40,081 INFO  com.capitalone.dashboard.Application - No profiles are active
2018-07-17 09:20:40,091 INFO  o.s.c.a.AnnotationConfigApplicationContext - Refreshing org.springframework.context.annotation.AnnotationConfigApplicationContext@5ddcc487: startup date [Tue Jul 17 09:20:40 MSK 2018]; parent: org.springframework.context.annotation.AnnotationConfigApplicationContext@67d48005
2018-07-17 09:20:41,219 INFO  o.s.cloud.context.scope.GenericScope - BeanFactory id=65002142-59a9-31d8-b69b-87b5fb67e3c9
2018-07-17 09:20:41,223 INFO  c.u.j.EnableEncryptablePropertySourcesPostProcessor - Post-processing PropertySource instances
2018-07-17 09:20:41,265 INFO  c.u.j.c.StringEncryptorConfiguration - String Encryptor custom Bean not found with name 'jasyptStringEncryptor'. Initializing String Encryptor based on properties with name 'jasyptStringEncryptor'
2018-07-17 09:20:41,270 INFO  c.u.j.EnableEncryptablePropertySourcesPostProcessor - Converting PropertySource systemProperties [org.springframework.core.env.MapPropertySource] to EncryptableMapPropertySourceWrapper
2018-07-17 09:20:41,271 INFO  c.u.j.EnableEncryptablePropertySourcesPostProcessor - Converting PropertySource systemEnvironment [org.springframework.core.env.SystemEnvironmentPropertySource] to EncryptableMapPropertySourceWrapper
2018-07-17 09:20:41,271 INFO  c.u.j.EnableEncryptablePropertySourcesPostProcessor - Converting PropertySource random [org.springframework.boot.context.config.RandomValuePropertySource] to EncryptablePropertySourceWrapper
2018-07-17 09:20:41,271 INFO  c.u.j.EnableEncryptablePropertySourcesPostProcessor - Converting PropertySource applicationConfig: [file:./application.properties] [org.springframework.core.env.PropertiesPropertySource] to EncryptableMapPropertySourceWrapper
2018-07-17 09:20:41,271 INFO  c.u.j.EnableEncryptablePropertySourcesPostProcessor - Converting PropertySource springCloudClientHostInfo [org.springframework.core.env.MapPropertySource] to EncryptableMapPropertySourceWrapper
2018-07-17 09:20:41,271 INFO  c.u.j.EnableEncryptablePropertySourcesPostProcessor - Converting PropertySource defaultProperties [org.springframework.core.env.MapPropertySource] to EncryptableMapPropertySourceWrapper
2018-07-17 09:20:41,277 INFO  o.s.b.f.a.AutowiredAnnotationBeanPostProcessor - JSR-330 'javax.inject.Inject' annotation found and supported for autowiring
2018-07-17 09:20:41,296 INFO  o.s.c.s.PostProcessorRegistrationDelegate$BeanPostProcessorChecker - Bean 'org.springframework.cloud.autoconfigure.ConfigurationPropertiesRebinderAutoConfiguration' of type [class org.springframework.cloud.autoconfigure.ConfigurationPropertiesRebinderAutoConfiguration$$EnhancerBySpringCGLIB$$5d0f3673] is not eligible for getting processed by all BeanPostProcessors (for example: not eligible for auto-proxying)
2018-07-17 09:20:41,328 INFO  o.s.s.c.ThreadPoolTaskScheduler - Initializing ExecutorService  'taskScheduler'
2018-07-17 09:20:41,365 INFO  c.c.dashboard.config.MongoConfig - ReplicaSetfalse
2018-07-17 09:20:41,410 INFO  c.c.dashboard.config.MongoConfig - Initializing Mongo Client server at: 127.0.0.1:27017
2018-07-17 09:20:41,934 INFO  org.mongodb.driver.cluster - Cluster created with settings {hosts=[127.0.0.1:27017], mode=SINGLE, requiredClusterType=UNKNOWN, serverSelectionTimeout='30000 ms', maxWaitQueueSize=500}
2018-07-17 09:20:41,961 INFO  c.c.dashboard.config.MongoConfig - Connecting to Mongo: Mongo{options=MongoClientOptions{description='null', readPreference=primary, writeConcern=WriteConcern{w=1, wtimeout=0, fsync=false, j=false, codecRegistry=org.bson.codecs.configuration.ProvidersCodecRegistry@f03f213e, minConnectionsPerHost=0, maxConnectionsPerHost=100, threadsAllowedToBlockForConnectionMultiplier=5, serverSelectionTimeout=30000, maxWaitTime=120000, maxConnectionIdleTime=60000, maxConnectionLifeTime=0, connectTimeout=10000, socketTimeout=0, socketKeepAlive=false, sslEnabled=false, sslInvalidHostNamesAllowed=false, alwaysUseMBeans=false, heartbeatFrequency=10000, minHeartbeatFrequency=500, heartbeatConnectTimeout=20000, heartbeatSocketTimeout=20000, localThreshold=15, requiredReplicaSetName='null', dbDecoderFactory=com.mongodb.DefaultDBDecoder$1@10667848, dbEncoderFactory=com.mongodb.DefaultDBEncoder$1@191a709b, socketFactory=javax.net.DefaultSocketFactory@77c7ed8e, cursorFinalizerEnabled=true, connectionPoolSettings=ConnectionPoolSettings{maxSize=100, minSize=0, maxWaitQueueSize=500, maxWaitTimeMS=120000, maxConnectionLifeTimeMS=0, maxConnectionIdleTimeMS=60000, maintenanceInitialDelayMS=0, maintenanceFrequencyMS=60000}, socketSettings=SocketSettings{connectTimeoutMS=10000, readTimeoutMS=0, keepAlive=false, receiveBufferSize=0, sendBufferSize=0}, serverSettings=ServerSettings{heartbeatFrequencyMS=10000, minHeartbeatFrequencyMS=500}, heartbeatSocketSettings=SocketSettings{connectTimeoutMS=20000, readTimeoutMS=20000, keepAlive=false, receiveBufferSize=0, sendBufferSize=0}}}
2018-07-17 09:20:42,400 INFO  org.mongodb.driver.cluster - No server chosen by ReadPreferenceServerSelector{readPreference=primary} from cluster description ClusterDescription{type=UNKNOWN, connectionMode=SINGLE, all=[ServerDescription{address=127.0.0.1:27017, type=UNKNOWN, state=CONNECTING}]}. Waiting for 30000 ms before timing out
2018-07-17 09:20:42,564 INFO  org.mongodb.driver.connection - Opened connection [connectionId{localValue:1, serverValue:2}] to 127.0.0.1:27017
2018-07-17 09:20:42,565 INFO  org.mongodb.driver.cluster - Monitor thread successfully connected to server with description ServerDescription{address=127.0.0.1:27017, type=STANDALONE, state=CONNECTED, ok=true, version=ServerVersion{versionList=[3, 6, 5]}, minWireVersion=0, maxWireVersion=6, electionId=null, maxDocumentSize=16777216, roundTripTimeNanos=467400}
2018-07-17 09:20:42,594 INFO  org.mongodb.driver.connection - Opened connection [connectionId{localValue:2, serverValue:3}] to 127.0.0.1:27017
2018-07-17 09:20:42,820 INFO  c.c.dashboard.config.MongoConfig - ReplicaSetfalse
2018-07-17 09:20:42,821 INFO  c.c.dashboard.config.MongoConfig - Initializing Mongo Client server at: 127.0.0.1:27017
2018-07-17 09:20:42,821 INFO  org.mongodb.driver.cluster - Cluster created with settings {hosts=[127.0.0.1:27017], mode=SINGLE, requiredClusterType=UNKNOWN, serverSelectionTimeout='30000 ms', maxWaitQueueSize=500}
2018-07-17 09:20:42,822 INFO  c.c.dashboard.config.MongoConfig - Connecting to Mongo: Mongo{options=MongoClientOptions{description='null', readPreference=primary, writeConcern=WriteConcern{w=1, wtimeout=0, fsync=false, j=false, codecRegistry=org.bson.codecs.configuration.ProvidersCodecRegistry@f03f213e, minConnectionsPerHost=0, maxConnectionsPerHost=100, threadsAllowedToBlockForConnectionMultiplier=5, serverSelectionTimeout=30000, maxWaitTime=120000, maxConnectionIdleTime=60000, maxConnectionLifeTime=0, connectTimeout=10000, socketTimeout=0, socketKeepAlive=false, sslEnabled=false, sslInvalidHostNamesAllowed=false, alwaysUseMBeans=false, heartbeatFrequency=10000, minHeartbeatFrequency=500, heartbeatConnectTimeout=20000, heartbeatSocketTimeout=20000, localThreshold=15, requiredReplicaSetName='null', dbDecoderFactory=com.mongodb.DefaultDBDecoder$1@10667848, dbEncoderFactory=com.mongodb.DefaultDBEncoder$1@191a709b, socketFactory=javax.net.DefaultSocketFactory@77c7ed8e, cursorFinalizerEnabled=true, connectionPoolSettings=ConnectionPoolSettings{maxSize=100, minSize=0, maxWaitQueueSize=500, maxWaitTimeMS=120000, maxConnectionLifeTimeMS=0, maxConnectionIdleTimeMS=60000, maintenanceInitialDelayMS=0, maintenanceFrequencyMS=60000}, socketSettings=SocketSettings{connectTimeoutMS=10000, readTimeoutMS=0, keepAlive=false, receiveBufferSize=0, sendBufferSize=0}, serverSettings=ServerSettings{heartbeatFrequencyMS=10000, minHeartbeatFrequencyMS=500}, heartbeatSocketSettings=SocketSettings{connectTimeoutMS=20000, readTimeoutMS=20000, keepAlive=false, receiveBufferSize=0, sendBufferSize=0}}}
2018-07-17 09:20:42,831 INFO  c.c.dashboard.config.MongoConfig - ReplicaSetfalse
2018-07-17 09:20:42,831 INFO  c.c.dashboard.config.MongoConfig - Initializing Mongo Client server at: 127.0.0.1:27017
2018-07-17 09:20:42,832 INFO  org.mongodb.driver.cluster - Cluster created with settings {hosts=[127.0.0.1:27017], mode=SINGLE, requiredClusterType=UNKNOWN, serverSelectionTimeout='30000 ms', maxWaitQueueSize=500}
2018-07-17 09:20:42,833 INFO  c.c.dashboard.config.MongoConfig - Connecting to Mongo: Mongo{options=MongoClientOptions{description='null', readPreference=primary, writeConcern=WriteConcern{w=1, wtimeout=0, fsync=false, j=false, codecRegistry=org.bson.codecs.configuration.ProvidersCodecRegistry@f03f213e, minConnectionsPerHost=0, maxConnectionsPerHost=100, threadsAllowedToBlockForConnectionMultiplier=5, serverSelectionTimeout=30000, maxWaitTime=120000, maxConnectionIdleTime=60000, maxConnectionLifeTime=0, connectTimeout=10000, socketTimeout=0, socketKeepAlive=false, sslEnabled=false, sslInvalidHostNamesAllowed=false, alwaysUseMBeans=false, heartbeatFrequency=10000, minHeartbeatFrequency=500, heartbeatConnectTimeout=20000, heartbeatSocketTimeout=20000, localThreshold=15, requiredReplicaSetName='null', dbDecoderFactory=com.mongodb.DefaultDBDecoder$1@10667848, dbEncoderFactory=com.mongodb.DefaultDBEncoder$1@191a709b, socketFactory=javax.net.DefaultSocketFactory@77c7ed8e, cursorFinalizerEnabled=true, connectionPoolSettings=ConnectionPoolSettings{maxSize=100, minSize=0, maxWaitQueueSize=500, maxWaitTimeMS=120000, maxConnectionLifeTimeMS=0, maxConnectionIdleTimeMS=60000, maintenanceInitialDelayMS=0, maintenanceFrequencyMS=60000}, socketSettings=SocketSettings{connectTimeoutMS=10000, readTimeoutMS=0, keepAlive=false, receiveBufferSize=0, sendBufferSize=0}, serverSettings=ServerSettings{heartbeatFrequencyMS=10000, minHeartbeatFrequencyMS=500}, heartbeatSocketSettings=SocketSettings{connectTimeoutMS=20000, readTimeoutMS=20000, keepAlive=false, receiveBufferSize=0, sendBufferSize=0}}}
2018-07-17 09:20:42,854 INFO  org.mongodb.driver.connection - Opened connection [connectionId{localValue:3, serverValue:4}] to 127.0.0.1:27017
2018-07-17 09:20:42,855 INFO  org.mongodb.driver.cluster - Monitor thread successfully connected to server with description ServerDescription{address=127.0.0.1:27017, type=STANDALONE, state=CONNECTED, ok=true, version=ServerVersion{versionList=[3, 6, 5]}, minWireVersion=0, maxWireVersion=6, electionId=null, maxDocumentSize=16777216, roundTripTimeNanos=498200}
2018-07-17 09:20:42,866 INFO  org.mongodb.driver.connection - Opened connection [connectionId{localValue:4, serverValue:5}] to 127.0.0.1:27017
2018-07-17 09:20:42,867 INFO  org.mongodb.driver.cluster - Monitor thread successfully connected to server with description ServerDescription{address=127.0.0.1:27017, type=STANDALONE, state=CONNECTED, ok=true, version=ServerVersion{versionList=[3, 6, 5]}, minWireVersion=0, maxWireVersion=6, electionId=null, maxDocumentSize=16777216, roundTripTimeNanos=474800}
2018-07-17 09:20:43,327 INFO  c.c.dashboard.config.MongoConfig - ReplicaSetfalse
2018-07-17 09:20:43,327 INFO  c.c.dashboard.config.MongoConfig - Initializing Mongo Client server at: 127.0.0.1:27017
2018-07-17 09:20:43,327 INFO  org.mongodb.driver.cluster - Cluster created with settings {hosts=[127.0.0.1:27017], mode=SINGLE, requiredClusterType=UNKNOWN, serverSelectionTimeout='30000 ms', maxWaitQueueSize=500}
2018-07-17 09:20:43,328 INFO  c.c.dashboard.config.MongoConfig - Connecting to Mongo: Mongo{options=MongoClientOptions{description='null', readPreference=primary, writeConcern=WriteConcern{w=1, wtimeout=0, fsync=false, j=false, codecRegistry=org.bson.codecs.configuration.ProvidersCodecRegistry@f03f213e, minConnectionsPerHost=0, maxConnectionsPerHost=100, threadsAllowedToBlockForConnectionMultiplier=5, serverSelectionTimeout=30000, maxWaitTime=120000, maxConnectionIdleTime=60000, maxConnectionLifeTime=0, connectTimeout=10000, socketTimeout=0, socketKeepAlive=false, sslEnabled=false, sslInvalidHostNamesAllowed=false, alwaysUseMBeans=false, heartbeatFrequency=10000, minHeartbeatFrequency=500, heartbeatConnectTimeout=20000, heartbeatSocketTimeout=20000, localThreshold=15, requiredReplicaSetName='null', dbDecoderFactory=com.mongodb.DefaultDBDecoder$1@10667848, dbEncoderFactory=com.mongodb.DefaultDBEncoder$1@191a709b, socketFactory=javax.net.DefaultSocketFactory@77c7ed8e, cursorFinalizerEnabled=true, connectionPoolSettings=ConnectionPoolSettings{maxSize=100, minSize=0, maxWaitQueueSize=500, maxWaitTimeMS=120000, maxConnectionLifeTimeMS=0, maxConnectionIdleTimeMS=60000, maintenanceInitialDelayMS=0, maintenanceFrequencyMS=60000}, socketSettings=SocketSettings{connectTimeoutMS=10000, readTimeoutMS=0, keepAlive=false, receiveBufferSize=0, sendBufferSize=0}, serverSettings=ServerSettings{heartbeatFrequencyMS=10000, minHeartbeatFrequencyMS=500}, heartbeatSocketSettings=SocketSettings{connectTimeoutMS=20000, readTimeoutMS=20000, keepAlive=false, receiveBufferSize=0, sendBufferSize=0}}}
2018-07-17 09:20:43,359 INFO  org.mongodb.driver.connection - Opened connection [connectionId{localValue:5, serverValue:6}] to 127.0.0.1:27017
2018-07-17 09:20:43,360 INFO  org.mongodb.driver.cluster - Monitor thread successfully connected to server with description ServerDescription{address=127.0.0.1:27017, type=STANDALONE, state=CONNECTED, ok=true, version=ServerVersion{versionList=[3, 6, 5]}, minWireVersion=0, maxWireVersion=6, electionId=null, maxDocumentSize=16777216, roundTripTimeNanos=449400}
2018-07-17 09:20:44,461 INFO  o.s.j.e.a.AnnotationMBeanExporter - Registering beans for JMX exposure on startup
2018-07-17 09:20:44,468 INFO  o.s.j.e.a.AnnotationMBeanExporter - Bean with name 'configurationPropertiesRebinder' has been autodetected for JMX exposure
2018-07-17 09:20:44,469 INFO  o.s.j.e.a.AnnotationMBeanExporter - Bean with name 'environmentManager' has been autodetected for JMX exposure
2018-07-17 09:20:44,470 INFO  o.s.j.e.a.AnnotationMBeanExporter - Bean with name 'refreshScope' has been autodetected for JMX exposure
2018-07-17 09:20:44,472 INFO  o.s.j.e.a.AnnotationMBeanExporter - Located managed bean 'environmentManager': registering with JMX server as MBean [org.springframework.cloud.context.environment:name=environmentManager,type=EnvironmentManager]
2018-07-17 09:20:44,488 INFO  o.s.j.e.a.AnnotationMBeanExporter - Located managed bean 'refreshScope': registering with JMX server as MBean [org.springframework.cloud.context.scope.refresh:name=refreshScope,type=RefreshScope]
2018-07-17 09:20:44,494 INFO  o.s.j.e.a.AnnotationMBeanExporter - Located managed bean 'configurationPropertiesRebinder': registering with JMX server as MBean [org.springframework.cloud.context.properties:name=configurationPropertiesRebinder,context=5ddcc487,type=ConfigurationPropertiesRebinder]
2018-07-17 09:20:44,538 INFO  com.capitalone.dashboard.Application - Started Application in 8.91 seconds (JVM running for 12.42)
2018-07-17 09:21:00,000 INFO  c.c.d.collector.CollectorTask - Running Collector: CheckMarx
2018-07-17 09:21:01,093 ERROR c.c.d.c.DefaultCheckMarxClient - Could not parse document from: http://admin:admin@127.0.0.1:8081/checkmarx-reports/checkmarx-current.xml
java.net.ConnectException: Connection refused: connect
	at java.net.DualStackPlainSocketImpl.connect0(Native Method) ~[na:1.8.0_171]
	at java.net.DualStackPlainSocketImpl.socketConnect(DualStackPlainSocketImpl.java:79) ~[na:1.8.0_171]
	at java.net.AbstractPlainSocketImpl.doConnect(AbstractPlainSocketImpl.java:350) ~[na:1.8.0_171]
	at java.net.AbstractPlainSocketImpl.connectToAddress(AbstractPlainSocketImpl.java:206) ~[na:1.8.0_171]
	at java.net.AbstractPlainSocketImpl.connect(AbstractPlainSocketImpl.java:188) ~[na:1.8.0_171]
	at java.net.PlainSocketImpl.connect(PlainSocketImpl.java:172) ~[na:1.8.0_171]
	at java.net.SocksSocketImpl.connect(SocksSocketImpl.java:392) ~[na:1.8.0_171]
	at java.net.Socket.connect(Socket.java:589) ~[na:1.8.0_171]
	at java.net.Socket.connect(Socket.java:538) ~[na:1.8.0_171]
	at sun.net.NetworkClient.doConnect(NetworkClient.java:180) ~[na:1.8.0_171]
	at sun.net.www.http.HttpClient.openServer(HttpClient.java:463) ~[na:1.8.0_171]
	at sun.net.www.http.HttpClient.openServer(HttpClient.java:558) ~[na:1.8.0_171]
	at sun.net.www.http.HttpClient.<init>(HttpClient.java:242) ~[na:1.8.0_171]
	at sun.net.www.http.HttpClient.New(HttpClient.java:339) ~[na:1.8.0_171]
	at sun.net.www.http.HttpClient.New(HttpClient.java:357) ~[na:1.8.0_171]
	at sun.net.www.protocol.http.HttpURLConnection.getNewHttpClient(HttpURLConnection.java:1220) ~[na:1.8.0_171]
	at sun.net.www.protocol.http.HttpURLConnection.plainConnect0(HttpURLConnection.java:1156) ~[na:1.8.0_171]
	at sun.net.www.protocol.http.HttpURLConnection.plainConnect(HttpURLConnection.java:1050) ~[na:1.8.0_171]
	at sun.net.www.protocol.http.HttpURLConnection.connect(HttpURLConnection.java:984) ~[na:1.8.0_171]
	at sun.net.www.protocol.http.HttpURLConnection.getInputStream0(HttpURLConnection.java:1564) ~[na:1.8.0_171]
	at sun.net.www.protocol.http.HttpURLConnection.getInputStream(HttpURLConnection.java:1492) ~[na:1.8.0_171]
	at java.net.URL.openStream(URL.java:1045) ~[na:1.8.0_171]
	at com.capitalone.dashboard.collector.DefaultCheckMarxClient.getDocument(DefaultCheckMarxClient.java:129) [classes/:na]
	at com.capitalone.dashboard.collector.DefaultCheckMarxClient.getProject(DefaultCheckMarxClient.java:48) [classes/:na]
	at com.capitalone.dashboard.collector.CheckMarxCollectorTask.collect(CheckMarxCollectorTask.java:76) [classes/:na]
	at com.capitalone.dashboard.collector.CheckMarxCollectorTask.collect(CheckMarxCollectorTask.java:19) [classes/:na]
	at com.capitalone.dashboard.collector.CollectorTask.run(CollectorTask.java:63) [core-2.0.5-SNAPSHOT.jar:na]
	at org.springframework.scheduling.support.DelegatingErrorHandlingRunnable.run(DelegatingErrorHandlingRunnable.java:54) [spring-context-4.2.5.RELEASE.jar:4.2.5.RELEASE]
	at org.springframework.scheduling.concurrent.ReschedulingRunnable.run(ReschedulingRunnable.java:81) [spring-context-4.2.5.RELEASE.jar:4.2.5.RELEASE]
	at java.util.concurrent.Executors$RunnableAdapter.call(Executors.java:511) [na:1.8.0_171]
	at java.util.concurrent.FutureTask.run(FutureTask.java:266) [na:1.8.0_171]
	at java.util.concurrent.ScheduledThreadPoolExecutor$ScheduledFutureTask.access$201(ScheduledThreadPoolExecutor.java:180) [na:1.8.0_171]
	at java.util.concurrent.ScheduledThreadPoolExecutor$ScheduledFutureTask.run(ScheduledThreadPoolExecutor.java:293) [na:1.8.0_171]
	at java.util.concurrent.ThreadPoolExecutor.runWorker(ThreadPoolExecutor.java:1149) [na:1.8.0_171]
	at java.util.concurrent.ThreadPoolExecutor$Worker.run(ThreadPoolExecutor.java:624) [na:1.8.0_171]
	at java.lang.Thread.run(Thread.java:748) [na:1.8.0_171]
2018-07-17 09:21:01,095 ERROR c.c.d.c.DefaultCheckMarxClient - java.lang.NullPointerException
2018-07-17 09:21:01,095 INFO  c.c.d.collector.CollectorTask - -----------------------------------
2018-07-17 09:21:01,095 INFO  c.c.d.collector.CollectorTask - Fetched project: null
2018-07-17 09:21:01,095 INFO  c.c.d.collector.CollectorTask - -----------------------------------
2018-07-17 09:21:01,165 ERROR c.c.d.c.DefaultCheckMarxClient - Could not parse document from: null
java.net.MalformedURLException: null
	at java.net.URL.<init>(URL.java:627) ~[na:1.8.0_171]
	at java.net.URL.<init>(URL.java:490) ~[na:1.8.0_171]
	at java.net.URL.<init>(URL.java:439) ~[na:1.8.0_171]
	at com.capitalone.dashboard.collector.DefaultCheckMarxClient.getDocument(DefaultCheckMarxClient.java:128) [classes/:na]
	at com.capitalone.dashboard.collector.DefaultCheckMarxClient.currentCheckMarxMetrics(DefaultCheckMarxClient.java:63) [classes/:na]
	at com.capitalone.dashboard.collector.CheckMarxCollectorTask.refreshData(CheckMarxCollectorTask.java:97) [classes/:na]
	at com.capitalone.dashboard.collector.CheckMarxCollectorTask.collect(CheckMarxCollectorTask.java:82) [classes/:na]
	at com.capitalone.dashboard.collector.CheckMarxCollectorTask.collect(CheckMarxCollectorTask.java:19) [classes/:na]
	at com.capitalone.dashboard.collector.CollectorTask.run(CollectorTask.java:63) [core-2.0.5-SNAPSHOT.jar:na]
	at org.springframework.scheduling.support.DelegatingErrorHandlingRunnable.run(DelegatingErrorHandlingRunnable.java:54) [spring-context-4.2.5.RELEASE.jar:4.2.5.RELEASE]
	at org.springframework.scheduling.concurrent.ReschedulingRunnable.run(ReschedulingRunnable.java:81) [spring-context-4.2.5.RELEASE.jar:4.2.5.RELEASE]
	at java.util.concurrent.Executors$RunnableAdapter.call(Executors.java:511) [na:1.8.0_171]
	at java.util.concurrent.FutureTask.run(FutureTask.java:266) [na:1.8.0_171]
	at java.util.concurrent.ScheduledThreadPoolExecutor$ScheduledFutureTask.access$201(ScheduledThreadPoolExecutor.java:180) [na:1.8.0_171]
	at java.util.concurrent.ScheduledThreadPoolExecutor$ScheduledFutureTask.run(ScheduledThreadPoolExecutor.java:293) [na:1.8.0_171]
	at java.util.concurrent.ThreadPoolExecutor.runWorker(ThreadPoolExecutor.java:1149) [na:1.8.0_171]
	at java.util.concurrent.ThreadPoolExecutor$Worker.run(ThreadPoolExecutor.java:624) [na:1.8.0_171]
	at java.lang.Thread.run(Thread.java:748) [na:1.8.0_171]
Caused by: java.lang.NullPointerException: null
	at java.net.URL.<init>(URL.java:532) ~[na:1.8.0_171]
	... 17 common frames omitted
2018-07-17 09:21:01,165 ERROR c.c.d.c.DefaultCheckMarxClient - java.lang.NullPointerException
2018-07-17 09:21:01,166 ERROR c.c.d.c.DefaultCheckMarxClient - java.lang.NullPointerException
2018-07-17 09:22:00,001 INFO  c.c.d.collector.CollectorTask - Running Collector: CheckMarx
2018-07-17 09:22:00,231 INFO  c.c.d.collector.CollectorTask - -----------------------------------
2018-07-17 09:22:00,231 INFO  c.c.d.collector.CollectorTask - Fetched project: RA_Titanium_Phase_2.0_weekly:2018-6-16
2018-07-17 09:22:00,231 INFO  c.c.d.collector.CollectorTask - -----------------------------------
2018-07-17 09:23:00,002 INFO  c.c.d.collector.CollectorTask - Running Collector: CheckMarx
2018-07-17 09:23:00,124 INFO  c.c.d.collector.CollectorTask - -----------------------------------
2018-07-17 09:23:00,124 INFO  c.c.d.collector.CollectorTask - Fetched project: RA_Titanium_Phase_2.0_weekly:2018-7-7
2018-07-17 09:23:00,124 INFO  c.c.d.collector.CollectorTask - -----------------------------------
2018-07-17 09:24:00,001 INFO  c.c.d.collector.CollectorTask - Running Collector: CheckMarx
2018-07-17 09:24:00,095 INFO  c.c.d.collector.CollectorTask - -----------------------------------
2018-07-17 09:24:00,095 INFO  c.c.d.collector.CollectorTask - Fetched project: RA_Titanium_Phase_2.0_weekly:2018-6-16
2018-07-17 09:24:00,095 INFO  c.c.d.collector.CollectorTask - -----------------------------------
2018-07-17 09:25:00,001 INFO  c.c.d.collector.CollectorTask - Running Collector: CheckMarx
2018-07-17 09:25:00,115 INFO  c.c.d.collector.CollectorTask - -----------------------------------
2018-07-17 09:25:00,116 INFO  c.c.d.collector.CollectorTask - Fetched project: RA_Titanium_Phase_2.0_weekly:2018-6-16
2018-07-17 09:25:00,116 INFO  c.c.d.collector.CollectorTask - -----------------------------------
2018-07-17 09:26:00,000 INFO  c.c.d.collector.CollectorTask - Running Collector: CheckMarx
2018-07-17 09:26:00,114 INFO  c.c.d.collector.CollectorTask - -----------------------------------
2018-07-17 09:26:00,115 INFO  c.c.d.collector.CollectorTask - Fetched project: RA_Titanium_Phase_2.0_weekly:2018-7-14
2018-07-17 09:26:00,115 INFO  c.c.d.collector.CollectorTask - -----------------------------------
2018-07-17 09:27:00,000 INFO  c.c.d.collector.CollectorTask - Running Collector: CheckMarx
2018-07-17 09:27:00,070 INFO  c.c.d.collector.CollectorTask - -----------------------------------
2018-07-17 09:27:00,071 INFO  c.c.d.collector.CollectorTask - Fetched project: RM_Team3:2018-7-14
2018-07-17 09:27:00,071 INFO  c.c.d.collector.CollectorTask - -----------------------------------
2018-07-17 09:28:00,001 INFO  c.c.d.collector.CollectorTask - Running Collector: CheckMarx
2018-07-17 09:28:00,036 INFO  c.c.d.collector.CollectorTask - -----------------------------------
2018-07-17 09:28:00,036 INFO  c.c.d.collector.CollectorTask - Fetched project: RM_Team3:2018-7-7
2018-07-17 09:28:00,036 INFO  c.c.d.collector.CollectorTask - -----------------------------------
2018-07-17 09:29:00,002 INFO  c.c.d.collector.CollectorTask - Running Collector: CheckMarx
2018-07-17 09:29:00,033 INFO  c.c.d.collector.CollectorTask - -----------------------------------
2018-07-17 09:29:00,033 INFO  c.c.d.collector.CollectorTask - Fetched project: RM_Team3:2018-7-3
2018-07-17 09:29:00,033 INFO  c.c.d.collector.CollectorTask - -----------------------------------
2018-07-17 09:30:00,001 INFO  c.c.d.collector.CollectorTask - Running Collector: CheckMarx
2018-07-17 09:30:00,035 INFO  c.c.d.collector.CollectorTask - -----------------------------------
2018-07-17 09:30:00,035 INFO  c.c.d.collector.CollectorTask - Fetched project: RM_Team3:2018-6-29
2018-07-17 09:30:00,035 INFO  c.c.d.collector.CollectorTask - -----------------------------------
