2018-06-21 13:38:07,615 INFO  c.c.d.collector.CollectorTask - -----------------------------------
2018-06-21 13:38:07,618 INFO  c.c.d.collector.CollectorTask - server1
2018-06-21 13:38:07,618 INFO  c.c.d.collector.CollectorTask - -----------------------------------
2018-06-21 13:38:07,622 INFO  c.c.d.collector.CollectorTask - Fetched projects   0             0s
2018-06-21 13:38:07,623 INFO  c.c.d.collector.CollectorTask - New projects            0        0s
2018-06-21 13:38:07,623 INFO  c.c.d.collector.CollectorTask - Updated                 0        0s
2018-06-21 13:38:07,623 INFO  c.c.d.collector.CollectorTask - Finished                         0s
2018-06-21 13:38:07,624 INFO  c.c.d.collector.CollectorTask - -----------------------------------
2018-06-21 13:38:07,624 INFO  c.c.d.collector.CollectorTask - server2
2018-06-21 13:38:07,624 INFO  c.c.d.collector.CollectorTask - -----------------------------------
2018-06-21 13:38:07,625 INFO  c.c.d.collector.CollectorTask - Fetched projects   0             0s
2018-06-21 13:38:07,625 INFO  c.c.d.collector.CollectorTask - New projects            0        0s
2018-06-21 13:38:07,625 INFO  c.c.d.collector.CollectorTask - Updated                 0        0s
2018-06-21 13:38:07,776 INFO  c.c.d.collector.CollectorTask - Finished                         0s
2018-06-21 13:38:07,786 INFO  c.c.d.collector.CollectorTask - -----------------------------------
2018-06-21 13:38:07,787 INFO  c.c.d.collector.CollectorTask - server1
2018-06-21 13:38:07,787 INFO  c.c.d.collector.CollectorTask - -----------------------------------
2018-06-21 13:38:07,787 INFO  c.c.d.collector.CollectorTask - Fetched projects   0             0s
2018-06-21 13:38:07,787 INFO  c.c.d.collector.CollectorTask - New projects            0        0s
2018-06-21 13:38:07,788 INFO  c.c.d.collector.CollectorTask - Updated                 0        0s
2018-06-21 13:38:07,788 INFO  c.c.d.collector.CollectorTask - Finished                         0s
2018-06-21 13:38:07,790 INFO  c.c.d.collector.CollectorTask - -----------------------------------
2018-06-21 13:38:07,792 INFO  c.c.d.collector.CollectorTask - server1
2018-06-21 13:38:07,792 INFO  c.c.d.collector.CollectorTask - -----------------------------------
2018-06-21 13:38:07,792 INFO  c.c.d.collector.CollectorTask - Fetched projects   0             0s
2018-06-21 13:38:07,792 INFO  c.c.d.collector.CollectorTask - New projects            0        0s
2018-06-21 13:38:07,793 INFO  c.c.d.collector.CollectorTask - Updated                 0        0s
2018-06-21 13:38:07,793 INFO  c.c.d.collector.CollectorTask - Finished                         0s
2018-06-21 13:38:07,795 INFO  c.c.d.collector.CollectorTask - -----------------------------------
2018-06-21 13:38:07,796 INFO  c.c.d.collector.CollectorTask - server1
2018-06-21 13:38:07,796 INFO  c.c.d.collector.CollectorTask - -----------------------------------
2018-06-21 13:38:07,796 INFO  c.c.d.collector.CollectorTask - Fetched projects   0             0s
2018-06-21 13:38:07,797 INFO  c.c.d.collector.CollectorTask - New projects            0        0s
2018-06-21 13:38:07,797 INFO  c.c.d.collector.CollectorTask - Updated                 0        0s
2018-06-21 13:38:07,797 INFO  c.c.d.collector.CollectorTask - Finished                         0s
2018-06-21 13:46:48,268 INFO  c.c.d.collector.CollectorTask - -----------------------------------
2018-06-21 13:46:48,273 INFO  c.c.d.collector.CollectorTask - server1
2018-06-21 13:46:48,273 INFO  c.c.d.collector.CollectorTask - -----------------------------------
2018-06-21 13:46:48,278 INFO  c.c.d.collector.CollectorTask - Fetched projects   0             0s
2018-06-21 13:46:48,278 INFO  c.c.d.collector.CollectorTask - New projects            0        0s
2018-06-21 13:46:48,279 INFO  c.c.d.collector.CollectorTask - Updated                 0        0s
2018-06-21 13:46:48,279 INFO  c.c.d.collector.CollectorTask - Finished                         0s
2018-06-21 13:46:48,279 INFO  c.c.d.collector.CollectorTask - -----------------------------------
2018-06-21 13:46:48,279 INFO  c.c.d.collector.CollectorTask - server2
2018-06-21 13:46:48,279 INFO  c.c.d.collector.CollectorTask - -----------------------------------
2018-06-21 13:46:48,280 INFO  c.c.d.collector.CollectorTask - Fetched projects   0             0s
2018-06-21 13:46:48,280 INFO  c.c.d.collector.CollectorTask - New projects            0        0s
2018-06-21 13:46:48,280 INFO  c.c.d.collector.CollectorTask - Updated                 0        0s
2018-06-21 13:46:48,423 INFO  c.c.d.collector.CollectorTask - Finished                         0s
2018-06-21 13:46:48,438 INFO  c.c.d.collector.CollectorTask - -----------------------------------
2018-06-21 13:46:48,439 INFO  c.c.d.collector.CollectorTask - server1
2018-06-21 13:46:48,439 INFO  c.c.d.collector.CollectorTask - -----------------------------------
2018-06-21 13:46:48,440 INFO  c.c.d.collector.CollectorTask - Fetched projects   0             0s
2018-06-21 13:46:48,440 INFO  c.c.d.collector.CollectorTask - New projects            0        0s
2018-06-21 13:46:48,440 INFO  c.c.d.collector.CollectorTask - Updated                 0        0s
2018-06-21 13:46:48,440 INFO  c.c.d.collector.CollectorTask - Finished                         0s
2018-06-21 13:46:48,443 INFO  c.c.d.collector.CollectorTask - -----------------------------------
2018-06-21 13:46:48,446 INFO  c.c.d.collector.CollectorTask - server1
2018-06-21 13:46:48,446 INFO  c.c.d.collector.CollectorTask - -----------------------------------
2018-06-21 13:46:48,446 INFO  c.c.d.collector.CollectorTask - Fetched projects   0             0s
2018-06-21 13:46:48,446 INFO  c.c.d.collector.CollectorTask - New projects            0        0s
2018-06-21 13:46:48,447 INFO  c.c.d.collector.CollectorTask - Updated                 0        0s
2018-06-21 13:46:48,448 INFO  c.c.d.collector.CollectorTask - Finished                         0s
2018-06-21 13:46:48,451 INFO  c.c.d.collector.CollectorTask - -----------------------------------
2018-06-21 13:46:48,451 INFO  c.c.d.collector.CollectorTask - server1
2018-06-21 13:46:48,451 INFO  c.c.d.collector.CollectorTask - -----------------------------------
2018-06-21 13:46:48,452 INFO  c.c.d.collector.CollectorTask - Fetched projects   0             0s
2018-06-21 13:46:48,452 INFO  c.c.d.collector.CollectorTask - New projects            0        0s
2018-06-21 13:46:48,452 INFO  c.c.d.collector.CollectorTask - Updated                 0        0s
2018-06-21 13:46:48,453 INFO  c.c.d.collector.CollectorTask - Finished                         0s
2018-06-21 13:56:10,167 INFO  c.c.d.collector.CollectorTask - -----------------------------------
2018-06-21 13:56:10,172 INFO  c.c.d.collector.CollectorTask - server1
2018-06-21 13:56:10,172 INFO  c.c.d.collector.CollectorTask - -----------------------------------
2018-06-21 13:56:10,177 INFO  c.c.d.collector.CollectorTask - Fetched projects   0             0s
2018-06-21 13:56:10,177 INFO  c.c.d.collector.CollectorTask - New projects            0        0s
2018-06-21 13:56:10,178 INFO  c.c.d.collector.CollectorTask - Updated                 0        0s
2018-06-21 13:56:10,178 INFO  c.c.d.collector.CollectorTask - Finished                         0s
2018-06-21 13:56:10,179 INFO  c.c.d.collector.CollectorTask - -----------------------------------
2018-06-21 13:56:10,179 INFO  c.c.d.collector.CollectorTask - server2
2018-06-21 13:56:10,179 INFO  c.c.d.collector.CollectorTask - -----------------------------------
2018-06-21 13:56:10,180 INFO  c.c.d.collector.CollectorTask - Fetched projects   0             0s
2018-06-21 13:56:10,180 INFO  c.c.d.collector.CollectorTask - New projects            0        0s
2018-06-21 13:56:10,180 INFO  c.c.d.collector.CollectorTask - Updated                 0        0s
2018-06-21 13:56:10,330 INFO  c.c.d.collector.CollectorTask - Finished                         0s
2018-06-21 13:56:10,342 INFO  c.c.d.collector.CollectorTask - -----------------------------------
2018-06-21 13:56:10,344 INFO  c.c.d.collector.CollectorTask - server1
2018-06-21 13:56:10,344 INFO  c.c.d.collector.CollectorTask - -----------------------------------
2018-06-21 13:56:10,345 INFO  c.c.d.collector.CollectorTask - Fetched projects   0             0s
2018-06-21 13:56:10,345 INFO  c.c.d.collector.CollectorTask - New projects            0        0s
2018-06-21 13:56:10,345 INFO  c.c.d.collector.CollectorTask - Updated                 0        0s
2018-06-21 13:56:10,345 INFO  c.c.d.collector.CollectorTask - Finished                         0s
2018-06-21 13:56:10,348 INFO  c.c.d.collector.CollectorTask - -----------------------------------
2018-06-21 13:56:10,351 INFO  c.c.d.collector.CollectorTask - server1
2018-06-21 13:56:10,351 INFO  c.c.d.collector.CollectorTask - -----------------------------------
2018-06-21 13:56:10,351 INFO  c.c.d.collector.CollectorTask - Fetched projects   0             0s
2018-06-21 13:56:10,351 INFO  c.c.d.collector.CollectorTask - New projects            0        0s
2018-06-21 13:56:10,352 INFO  c.c.d.collector.CollectorTask - Updated                 0        0s
2018-06-21 13:56:10,352 INFO  c.c.d.collector.CollectorTask - Finished                         0s
2018-06-21 13:56:10,356 INFO  c.c.d.collector.CollectorTask - -----------------------------------
2018-06-21 13:56:10,356 INFO  c.c.d.collector.CollectorTask - server1
2018-06-21 13:56:10,357 INFO  c.c.d.collector.CollectorTask - -----------------------------------
2018-06-21 13:56:10,358 INFO  c.c.d.collector.CollectorTask - Fetched projects   0             0s
2018-06-21 13:56:10,359 INFO  c.c.d.collector.CollectorTask - New projects            0        0s
2018-06-21 13:56:10,359 INFO  c.c.d.collector.CollectorTask - Updated                 0        0s
2018-06-21 13:56:10,360 INFO  c.c.d.collector.CollectorTask - Finished                         0s
2018-06-21 14:01:53,887 INFO  c.c.d.collector.CollectorTask - -----------------------------------
2018-06-21 14:01:53,893 INFO  c.c.d.collector.CollectorTask - server1
2018-06-21 14:01:53,893 INFO  c.c.d.collector.CollectorTask - -----------------------------------
2018-06-21 14:01:53,898 INFO  c.c.d.collector.CollectorTask - Fetched projects   0             0s
2018-06-21 14:01:53,898 INFO  c.c.d.collector.CollectorTask - New projects            0        0s
2018-06-21 14:01:53,899 INFO  c.c.d.collector.CollectorTask - Updated                 0        0s
2018-06-21 14:01:53,899 INFO  c.c.d.collector.CollectorTask - Finished                         0s
2018-06-21 14:01:53,900 INFO  c.c.d.collector.CollectorTask - -----------------------------------
2018-06-21 14:01:53,901 INFO  c.c.d.collector.CollectorTask - server2
2018-06-21 14:01:53,901 INFO  c.c.d.collector.CollectorTask - -----------------------------------
2018-06-21 14:01:53,901 INFO  c.c.d.collector.CollectorTask - Fetched projects   0             0s
2018-06-21 14:01:53,902 INFO  c.c.d.collector.CollectorTask - New projects            0        0s
2018-06-21 14:01:53,902 INFO  c.c.d.collector.CollectorTask - Updated                 0        0s
2018-06-21 14:01:54,042 INFO  c.c.d.collector.CollectorTask - Finished                         0s
2018-06-21 14:01:54,057 INFO  c.c.d.collector.CollectorTask - -----------------------------------
2018-06-21 14:01:54,058 INFO  c.c.d.collector.CollectorTask - server1
2018-06-21 14:01:54,059 INFO  c.c.d.collector.CollectorTask - -----------------------------------
2018-06-21 14:01:54,059 INFO  c.c.d.collector.CollectorTask - Fetched projects   0             0s
2018-06-21 14:01:54,059 INFO  c.c.d.collector.CollectorTask - New projects            0        0s
2018-06-21 14:01:54,060 INFO  c.c.d.collector.CollectorTask - Updated                 0        0s
2018-06-21 14:01:54,060 INFO  c.c.d.collector.CollectorTask - Finished                         0s
2018-06-21 14:01:54,063 INFO  c.c.d.collector.CollectorTask - -----------------------------------
2018-06-21 14:01:54,064 INFO  c.c.d.collector.CollectorTask - server1
2018-06-21 14:01:54,064 INFO  c.c.d.collector.CollectorTask - -----------------------------------
2018-06-21 14:01:54,064 INFO  c.c.d.collector.CollectorTask - Fetched projects   0             0s
2018-06-21 14:01:54,064 INFO  c.c.d.collector.CollectorTask - New projects            0        0s
2018-06-21 14:01:54,065 INFO  c.c.d.collector.CollectorTask - Updated                 0        0s
2018-06-21 14:01:54,065 INFO  c.c.d.collector.CollectorTask - Finished                         0s
2018-06-21 14:01:54,068 INFO  c.c.d.collector.CollectorTask - -----------------------------------
2018-06-21 14:01:54,068 INFO  c.c.d.collector.CollectorTask - server1
2018-06-21 14:01:54,069 INFO  c.c.d.collector.CollectorTask - -----------------------------------
2018-06-21 14:01:54,070 INFO  c.c.d.collector.CollectorTask - Fetched projects   0             0s
2018-06-21 14:01:54,070 INFO  c.c.d.collector.CollectorTask - New projects            0        0s
2018-06-21 14:01:54,070 INFO  c.c.d.collector.CollectorTask - Updated                 0        0s
2018-06-21 14:01:54,071 INFO  c.c.d.collector.CollectorTask - Finished                         0s
2018-06-21 14:48:50,656 INFO  c.c.d.collector.CollectorTask - -----------------------------------
2018-06-21 14:48:50,660 INFO  c.c.d.collector.CollectorTask - server1
2018-06-21 14:48:50,660 INFO  c.c.d.collector.CollectorTask - -----------------------------------
2018-06-21 14:48:50,666 INFO  c.c.d.collector.CollectorTask - Fetched projects   0             0s
2018-06-21 14:48:50,666 INFO  c.c.d.collector.CollectorTask - New projects            0        0s
2018-06-21 14:48:50,666 INFO  c.c.d.collector.CollectorTask - Updated                 0        0s
2018-06-21 14:48:50,666 INFO  c.c.d.collector.CollectorTask - Finished                         0s
2018-06-21 14:48:50,668 INFO  c.c.d.collector.CollectorTask - -----------------------------------
2018-06-21 14:48:50,668 INFO  c.c.d.collector.CollectorTask - server2
2018-06-21 14:48:50,668 INFO  c.c.d.collector.CollectorTask - -----------------------------------
2018-06-21 14:48:50,668 INFO  c.c.d.collector.CollectorTask - Fetched projects   0             0s
2018-06-21 14:48:50,668 INFO  c.c.d.collector.CollectorTask - New projects            0        0s
2018-06-21 14:48:50,669 INFO  c.c.d.collector.CollectorTask - Updated                 0        0s
2018-06-21 14:48:50,830 INFO  c.c.d.collector.CollectorTask - Finished                         0s
2018-06-21 14:48:50,841 INFO  c.c.d.collector.CollectorTask - -----------------------------------
2018-06-21 14:48:50,842 INFO  c.c.d.collector.CollectorTask - server1
2018-06-21 14:48:50,842 INFO  c.c.d.collector.CollectorTask - -----------------------------------
2018-06-21 14:48:50,842 INFO  c.c.d.collector.CollectorTask - Fetched projects   0             0s
2018-06-21 14:48:50,842 INFO  c.c.d.collector.CollectorTask - New projects            0        0s
2018-06-21 14:48:50,843 INFO  c.c.d.collector.CollectorTask - Updated                 0        0s
2018-06-21 14:48:50,843 INFO  c.c.d.collector.CollectorTask - Finished                         0s
2018-06-21 14:48:50,845 INFO  c.c.d.collector.CollectorTask - -----------------------------------
2018-06-21 14:48:50,847 INFO  c.c.d.collector.CollectorTask - server1
2018-06-21 14:48:50,848 INFO  c.c.d.collector.CollectorTask - -----------------------------------
2018-06-21 14:48:50,848 INFO  c.c.d.collector.CollectorTask - Fetched projects   0             0s
2018-06-21 14:48:50,848 INFO  c.c.d.collector.CollectorTask - New projects            0        0s
2018-06-21 14:48:50,848 INFO  c.c.d.collector.CollectorTask - Updated                 0        0s
2018-06-21 14:48:50,849 INFO  c.c.d.collector.CollectorTask - Finished                         0s
2018-06-21 14:48:50,853 INFO  c.c.d.collector.CollectorTask - -----------------------------------
2018-06-21 14:48:50,853 INFO  c.c.d.collector.CollectorTask - server1
2018-06-21 14:48:50,853 INFO  c.c.d.collector.CollectorTask - -----------------------------------
2018-06-21 14:48:50,855 INFO  c.c.d.collector.CollectorTask - Fetched projects   0             0s
2018-06-21 14:48:50,855 INFO  c.c.d.collector.CollectorTask - New projects            0        0s
2018-06-21 14:48:50,855 INFO  c.c.d.collector.CollectorTask - Updated                 0        0s
2018-06-21 14:48:50,856 INFO  c.c.d.collector.CollectorTask - Finished                         0s
2018-06-21 15:07:13,760 INFO  c.c.d.collector.CollectorTask - -----------------------------------
2018-06-21 15:07:13,769 INFO  c.c.d.collector.CollectorTask - server1
2018-06-21 15:07:13,769 INFO  c.c.d.collector.CollectorTask - -----------------------------------
2018-06-21 15:07:13,778 INFO  c.c.d.collector.CollectorTask - Fetched projects   0             0s
2018-06-21 15:07:13,779 INFO  c.c.d.collector.CollectorTask - New projects            0        0s
2018-06-21 15:07:13,779 INFO  c.c.d.collector.CollectorTask - Updated                 0        0s
2018-06-21 15:07:13,779 INFO  c.c.d.collector.CollectorTask - Finished                         0s
2018-06-21 15:07:13,781 INFO  c.c.d.collector.CollectorTask - -----------------------------------
2018-06-21 15:07:13,782 INFO  c.c.d.collector.CollectorTask - server2
2018-06-21 15:07:13,782 INFO  c.c.d.collector.CollectorTask - -----------------------------------
2018-06-21 15:07:13,784 INFO  c.c.d.collector.CollectorTask - Fetched projects   0             0s
2018-06-21 15:07:13,784 INFO  c.c.d.collector.CollectorTask - New projects            0        0s
2018-06-21 15:07:13,785 INFO  c.c.d.collector.CollectorTask - Updated                 0        0s
2018-06-21 15:07:13,950 INFO  c.c.d.collector.CollectorTask - Finished                         0s
2018-06-21 15:07:13,966 INFO  c.c.d.collector.CollectorTask - -----------------------------------
2018-06-21 15:07:13,968 INFO  c.c.d.collector.CollectorTask - server1
2018-06-21 15:07:13,968 INFO  c.c.d.collector.CollectorTask - -----------------------------------
2018-06-21 15:07:13,968 INFO  c.c.d.collector.CollectorTask - Fetched projects   0             0s
2018-06-21 15:07:13,969 INFO  c.c.d.collector.CollectorTask - New projects            0        0s
2018-06-21 15:07:13,969 INFO  c.c.d.collector.CollectorTask - Updated                 0        0s
2018-06-21 15:07:13,969 INFO  c.c.d.collector.CollectorTask - Finished                         0s
2018-06-21 15:07:13,972 INFO  c.c.d.collector.CollectorTask - -----------------------------------
2018-06-21 15:07:13,972 INFO  c.c.d.collector.CollectorTask - server1
2018-06-21 15:07:13,973 INFO  c.c.d.collector.CollectorTask - -----------------------------------
2018-06-21 15:07:13,973 INFO  c.c.d.collector.CollectorTask - Fetched projects   0             0s
2018-06-21 15:07:13,973 INFO  c.c.d.collector.CollectorTask - New projects            0        0s
2018-06-21 15:07:13,973 INFO  c.c.d.collector.CollectorTask - Updated                 0        0s
2018-06-21 15:07:13,974 INFO  c.c.d.collector.CollectorTask - Finished                         0s
2018-06-21 15:07:13,978 INFO  c.c.d.collector.CollectorTask - -----------------------------------
2018-06-21 15:07:13,978 INFO  c.c.d.collector.CollectorTask - server1
2018-06-21 15:07:13,978 INFO  c.c.d.collector.CollectorTask - -----------------------------------
2018-06-21 15:07:13,980 INFO  c.c.d.collector.CollectorTask - Fetched projects   0             0s
2018-06-21 15:07:13,980 INFO  c.c.d.collector.CollectorTask - New projects            0        0s
2018-06-21 15:07:13,980 INFO  c.c.d.collector.CollectorTask - Updated                 0        0s
2018-06-21 15:07:13,981 INFO  c.c.d.collector.CollectorTask - Finished                         0s
2018-06-21 15:22:41,494 INFO  c.c.d.collector.CollectorTask - -----------------------------------
2018-06-21 15:22:41,494 INFO  c.c.d.collector.CollectorTask - server1
2018-06-21 15:22:41,494 INFO  c.c.d.collector.CollectorTask - -----------------------------------
2018-06-21 15:22:41,510 INFO  c.c.d.collector.CollectorTask - Fetched projects   0             0s
2018-06-21 15:22:41,510 INFO  c.c.d.collector.CollectorTask - New projects            0        0s
2018-06-21 15:22:41,510 INFO  c.c.d.collector.CollectorTask - Updated                 0        0s
2018-06-21 15:22:41,510 INFO  c.c.d.collector.CollectorTask - Finished                         0s
2018-06-21 15:22:41,510 INFO  c.c.d.collector.CollectorTask - -----------------------------------
2018-06-21 15:22:41,510 INFO  c.c.d.collector.CollectorTask - server2
2018-06-21 15:22:41,510 INFO  c.c.d.collector.CollectorTask - -----------------------------------
2018-06-21 15:22:41,510 INFO  c.c.d.collector.CollectorTask - Fetched projects   0             0s
2018-06-21 15:22:41,510 INFO  c.c.d.collector.CollectorTask - New projects            0        0s
2018-06-21 15:22:41,510 INFO  c.c.d.collector.CollectorTask - Updated                 0        0s
2018-06-21 15:22:41,651 INFO  c.c.d.collector.CollectorTask - Finished                         0s
2018-06-21 15:22:41,666 INFO  c.c.d.collector.CollectorTask - -----------------------------------
2018-06-21 15:22:41,666 INFO  c.c.d.collector.CollectorTask - server1
2018-06-21 15:22:41,666 INFO  c.c.d.collector.CollectorTask - -----------------------------------
2018-06-21 15:22:41,666 INFO  c.c.d.collector.CollectorTask - Fetched projects   0             0s
2018-06-21 15:22:41,666 INFO  c.c.d.collector.CollectorTask - New projects            0        0s
2018-06-21 15:22:41,666 INFO  c.c.d.collector.CollectorTask - Updated                 0        0s
2018-06-21 15:22:41,666 INFO  c.c.d.collector.CollectorTask - Finished                         0s
2018-06-21 15:22:41,682 INFO  c.c.d.collector.CollectorTask - -----------------------------------
2018-06-21 15:22:41,682 INFO  c.c.d.collector.CollectorTask - server1
2018-06-21 15:22:41,682 INFO  c.c.d.collector.CollectorTask - -----------------------------------
2018-06-21 15:22:41,682 INFO  c.c.d.collector.CollectorTask - Fetched projects   0             0s
2018-06-21 15:22:41,682 INFO  c.c.d.collector.CollectorTask - New projects            0        0s
2018-06-21 15:22:41,682 INFO  c.c.d.collector.CollectorTask - Updated                 0        0s
2018-06-21 15:22:41,682 INFO  c.c.d.collector.CollectorTask - Finished                         0s
2018-06-21 15:22:41,682 INFO  c.c.d.collector.CollectorTask - -----------------------------------
2018-06-21 15:22:41,682 INFO  c.c.d.collector.CollectorTask - server1
2018-06-21 15:22:41,682 INFO  c.c.d.collector.CollectorTask - -----------------------------------
2018-06-21 15:22:41,682 INFO  c.c.d.collector.CollectorTask - Fetched projects   0             0s
2018-06-21 15:22:41,682 INFO  c.c.d.collector.CollectorTask - New projects            0        0s
2018-06-21 15:22:41,682 INFO  c.c.d.collector.CollectorTask - Updated                 0        0s
2018-06-21 15:22:41,682 INFO  c.c.d.collector.CollectorTask - Finished                         0s
2018-06-21 15:29:27,788 INFO  c.c.d.collector.CollectorTask - -----------------------------------
2018-06-21 15:29:28,054 INFO  c.c.d.collector.CollectorTask - server1
2018-06-21 15:29:28,054 INFO  c.c.d.collector.CollectorTask - -----------------------------------
2018-06-21 15:29:28,054 INFO  c.c.d.collector.CollectorTask - Fetched projects   0             0s
2018-06-21 15:29:28,054 INFO  c.c.d.collector.CollectorTask - New projects            0        0s
2018-06-21 15:29:28,054 INFO  c.c.d.collector.CollectorTask - Updated                 0        0s
2018-06-21 15:29:28,054 INFO  c.c.d.collector.CollectorTask - Finished                         0s
2018-06-21 15:29:28,054 INFO  c.c.d.collector.CollectorTask - -----------------------------------
2018-06-21 15:29:28,054 INFO  c.c.d.collector.CollectorTask - server2
2018-06-21 15:29:28,054 INFO  c.c.d.collector.CollectorTask - -----------------------------------
2018-06-21 15:29:28,054 INFO  c.c.d.collector.CollectorTask - Fetched projects   0             0s
2018-06-21 15:29:28,054 INFO  c.c.d.collector.CollectorTask - New projects            0        0s
2018-06-21 15:29:28,054 INFO  c.c.d.collector.CollectorTask - Updated                 0        0s
2018-06-21 15:29:29,044 INFO  c.c.d.collector.CollectorTask - Finished                         1s
2018-06-21 15:29:29,060 INFO  c.c.d.collector.CollectorTask - -----------------------------------
2018-06-21 15:29:29,060 INFO  c.c.d.collector.CollectorTask - server1
2018-06-21 15:29:29,060 INFO  c.c.d.collector.CollectorTask - -----------------------------------
2018-06-21 15:29:29,060 INFO  c.c.d.collector.CollectorTask - Fetched projects   0             0s
2018-06-21 15:29:29,060 INFO  c.c.d.collector.CollectorTask - New projects            0        0s
2018-06-21 15:29:29,060 INFO  c.c.d.collector.CollectorTask - Updated                 0        0s
2018-06-21 15:29:29,060 INFO  c.c.d.collector.CollectorTask - Finished                         0s
2018-06-21 15:29:29,060 INFO  c.c.d.collector.CollectorTask - -----------------------------------
2018-06-21 15:29:29,060 INFO  c.c.d.collector.CollectorTask - server1
2018-06-21 15:29:29,060 INFO  c.c.d.collector.CollectorTask - -----------------------------------
2018-06-21 15:29:29,060 INFO  c.c.d.collector.CollectorTask - Fetched projects   0             0s
2018-06-21 15:29:29,060 INFO  c.c.d.collector.CollectorTask - New projects            0        0s
2018-06-21 15:29:29,060 INFO  c.c.d.collector.CollectorTask - Updated                 0        0s
2018-06-21 15:29:29,060 INFO  c.c.d.collector.CollectorTask - Finished                         0s
2018-06-21 15:29:29,075 INFO  c.c.d.collector.CollectorTask - -----------------------------------
2018-06-21 15:29:29,075 INFO  c.c.d.collector.CollectorTask - server1
2018-06-21 15:29:29,075 INFO  c.c.d.collector.CollectorTask - -----------------------------------
2018-06-21 15:29:29,075 INFO  c.c.d.collector.CollectorTask - Fetched projects   0             0s
2018-06-21 15:29:29,075 INFO  c.c.d.collector.CollectorTask - New projects            0        0s
2018-06-21 15:29:29,075 INFO  c.c.d.collector.CollectorTask - Updated                 0        0s
2018-06-21 15:29:29,075 INFO  c.c.d.collector.CollectorTask - Finished                         0s
2018-06-21 16:10:18,985 INFO  c.c.d.collector.CollectorTask - -----------------------------------
2018-06-21 16:10:19,001 INFO  c.c.d.collector.CollectorTask - server1
2018-06-21 16:10:19,001 INFO  c.c.d.collector.CollectorTask - -----------------------------------
2018-06-21 16:10:19,001 INFO  c.c.d.collector.CollectorTask - Fetched projects   0             0s
2018-06-21 16:10:19,001 INFO  c.c.d.collector.CollectorTask - New projects            0        0s
2018-06-21 16:10:19,001 INFO  c.c.d.collector.CollectorTask - Updated                 0        0s
2018-06-21 16:10:19,001 INFO  c.c.d.collector.CollectorTask - Finished                         0s
2018-06-21 16:10:19,001 INFO  c.c.d.collector.CollectorTask - -----------------------------------
2018-06-21 16:10:19,001 INFO  c.c.d.collector.CollectorTask - server2
2018-06-21 16:10:19,001 INFO  c.c.d.collector.CollectorTask - -----------------------------------
2018-06-21 16:10:19,001 INFO  c.c.d.collector.CollectorTask - Fetched projects   0             0s
2018-06-21 16:10:19,001 INFO  c.c.d.collector.CollectorTask - New projects            0        0s
2018-06-21 16:10:19,001 INFO  c.c.d.collector.CollectorTask - Updated                 0        0s
2018-06-21 16:10:19,147 INFO  c.c.d.collector.CollectorTask - Finished                         0s
2018-06-21 16:10:19,162 INFO  c.c.d.collector.CollectorTask - -----------------------------------
2018-06-21 16:10:19,162 INFO  c.c.d.collector.CollectorTask - server1
2018-06-21 16:10:19,162 INFO  c.c.d.collector.CollectorTask - -----------------------------------
2018-06-21 16:10:19,162 INFO  c.c.d.collector.CollectorTask - Fetched projects   0             0s
2018-06-21 16:10:19,162 INFO  c.c.d.collector.CollectorTask - New projects            0        0s
2018-06-21 16:10:19,162 INFO  c.c.d.collector.CollectorTask - Updated                 0        0s
2018-06-21 16:10:19,162 INFO  c.c.d.collector.CollectorTask - Finished                         0s
2018-06-21 16:10:19,162 INFO  c.c.d.collector.CollectorTask - -----------------------------------
2018-06-21 16:10:19,162 INFO  c.c.d.collector.CollectorTask - server1
2018-06-21 16:10:19,162 INFO  c.c.d.collector.CollectorTask - -----------------------------------
2018-06-21 16:10:19,162 INFO  c.c.d.collector.CollectorTask - Fetched projects   0             0s
2018-06-21 16:10:19,162 INFO  c.c.d.collector.CollectorTask - New projects            0        0s
2018-06-21 16:10:19,162 INFO  c.c.d.collector.CollectorTask - Updated                 0        0s
2018-06-21 16:10:19,162 INFO  c.c.d.collector.CollectorTask - Finished                         0s
2018-06-21 16:10:19,178 INFO  c.c.d.collector.CollectorTask - -----------------------------------
2018-06-21 16:10:19,178 INFO  c.c.d.collector.CollectorTask - server1
2018-06-21 16:10:19,178 INFO  c.c.d.collector.CollectorTask - -----------------------------------
2018-06-21 16:10:19,178 INFO  c.c.d.collector.CollectorTask - Fetched projects   0             0s
2018-06-21 16:10:19,178 INFO  c.c.d.collector.CollectorTask - New projects            0        0s
2018-06-21 16:10:19,178 INFO  c.c.d.collector.CollectorTask - Updated                 0        0s
2018-06-21 16:10:19,178 INFO  c.c.d.collector.CollectorTask - Finished                         0s
2018-06-21 16:26:41,785 INFO  c.c.d.collector.CollectorTask - -----------------------------------
2018-06-21 16:26:41,795 INFO  c.c.d.collector.CollectorTask - server1
2018-06-21 16:26:41,795 INFO  c.c.d.collector.CollectorTask - -----------------------------------
2018-06-21 16:26:41,802 INFO  c.c.d.collector.CollectorTask - Fetched projects   0             0s
2018-06-21 16:26:41,803 INFO  c.c.d.collector.CollectorTask - New projects            0        0s
2018-06-21 16:26:41,803 INFO  c.c.d.collector.CollectorTask - Updated                 0        0s
2018-06-21 16:26:41,804 INFO  c.c.d.collector.CollectorTask - Finished                         0s
2018-06-21 16:26:41,805 INFO  c.c.d.collector.CollectorTask - -----------------------------------
2018-06-21 16:26:41,805 INFO  c.c.d.collector.CollectorTask - server2
2018-06-21 16:26:41,805 INFO  c.c.d.collector.CollectorTask - -----------------------------------
2018-06-21 16:26:41,806 INFO  c.c.d.collector.CollectorTask - Fetched projects   0             0s
2018-06-21 16:26:41,807 INFO  c.c.d.collector.CollectorTask - New projects            0        0s
2018-06-21 16:26:41,807 INFO  c.c.d.collector.CollectorTask - Updated                 0        0s
2018-06-21 16:26:42,052 INFO  c.c.d.collector.CollectorTask - Finished                         0s
2018-06-21 16:26:42,056 INFO  c.c.d.collector.CollectorTask - -----------------------------------
2018-06-21 16:26:42,056 INFO  c.c.d.collector.CollectorTask - server1
2018-06-21 16:26:42,056 INFO  c.c.d.collector.CollectorTask - -----------------------------------
2018-06-21 16:26:42,056 INFO  c.c.d.collector.CollectorTask - Fetched projects   0             0s
2018-06-21 16:26:42,056 INFO  c.c.d.collector.CollectorTask - New projects            0        0s
2018-06-21 16:26:42,056 INFO  c.c.d.collector.CollectorTask - Updated                 0        0s
2018-06-21 16:26:42,056 INFO  c.c.d.collector.CollectorTask - Finished                         0s
2018-06-21 16:26:42,056 INFO  c.c.d.collector.CollectorTask - -----------------------------------
2018-06-21 16:26:42,071 INFO  c.c.d.collector.CollectorTask - server1
2018-06-21 16:26:42,071 INFO  c.c.d.collector.CollectorTask - -----------------------------------
2018-06-21 16:26:42,071 INFO  c.c.d.collector.CollectorTask - Fetched projects   0             0s
2018-06-21 16:26:42,071 INFO  c.c.d.collector.CollectorTask - New projects            0        0s
2018-06-21 16:26:42,071 INFO  c.c.d.collector.CollectorTask - Updated                 0        0s
2018-06-21 16:26:42,071 INFO  c.c.d.collector.CollectorTask - Finished                         0s
2018-06-21 16:26:42,071 INFO  c.c.d.collector.CollectorTask - -----------------------------------
2018-06-21 16:26:42,071 INFO  c.c.d.collector.CollectorTask - server1
2018-06-21 16:26:42,071 INFO  c.c.d.collector.CollectorTask - -----------------------------------
2018-06-21 16:26:42,071 INFO  c.c.d.collector.CollectorTask - Fetched projects   0             0s
2018-06-21 16:26:42,071 INFO  c.c.d.collector.CollectorTask - New projects            0        0s
2018-06-21 16:26:42,071 INFO  c.c.d.collector.CollectorTask - Updated                 0        0s
2018-06-21 16:26:42,071 INFO  c.c.d.collector.CollectorTask - Finished                         0s
2018-06-21 16:34:36,930 INFO  c.c.d.collector.CollectorTask - -----------------------------------
2018-06-21 16:34:36,936 INFO  c.c.d.collector.CollectorTask - server1
2018-06-21 16:34:36,936 INFO  c.c.d.collector.CollectorTask - -----------------------------------
2018-06-21 16:34:36,941 INFO  c.c.d.collector.CollectorTask - Fetched projects   0             0s
2018-06-21 16:34:36,942 INFO  c.c.d.collector.CollectorTask - New projects            0        0s
2018-06-21 16:34:36,942 INFO  c.c.d.collector.CollectorTask - Updated                 0        0s
2018-06-21 16:34:36,942 INFO  c.c.d.collector.CollectorTask - Finished                         0s
2018-06-21 16:34:36,943 INFO  c.c.d.collector.CollectorTask - -----------------------------------
2018-06-21 16:34:36,943 INFO  c.c.d.collector.CollectorTask - server2
2018-06-21 16:34:36,943 INFO  c.c.d.collector.CollectorTask - -----------------------------------
2018-06-21 16:34:36,943 INFO  c.c.d.collector.CollectorTask - Fetched projects   0             0s
2018-06-21 16:34:36,943 INFO  c.c.d.collector.CollectorTask - New projects            0        0s
2018-06-21 16:34:36,943 INFO  c.c.d.collector.CollectorTask - Updated                 0        0s
2018-06-21 16:34:37,089 INFO  c.c.d.collector.CollectorTask - Finished                         0s
2018-06-21 16:34:37,105 INFO  c.c.d.collector.CollectorTask - -----------------------------------
2018-06-21 16:34:37,105 INFO  c.c.d.collector.CollectorTask - server1
2018-06-21 16:34:37,105 INFO  c.c.d.collector.CollectorTask - -----------------------------------
2018-06-21 16:34:37,105 INFO  c.c.d.collector.CollectorTask - Fetched projects   0             0s
2018-06-21 16:34:37,105 INFO  c.c.d.collector.CollectorTask - New projects            0        0s
2018-06-21 16:34:37,105 INFO  c.c.d.collector.CollectorTask - Updated                 0        0s
2018-06-21 16:34:37,105 INFO  c.c.d.collector.CollectorTask - Finished                         0s
2018-06-21 16:34:37,105 INFO  c.c.d.collector.CollectorTask - -----------------------------------
2018-06-21 16:34:37,105 INFO  c.c.d.collector.CollectorTask - server1
2018-06-21 16:34:37,105 INFO  c.c.d.collector.CollectorTask - -----------------------------------
2018-06-21 16:34:37,105 INFO  c.c.d.collector.CollectorTask - Fetched projects   0             0s
2018-06-21 16:34:37,105 INFO  c.c.d.collector.CollectorTask - New projects            0        0s
2018-06-21 16:34:37,105 INFO  c.c.d.collector.CollectorTask - Updated                 0        0s
2018-06-21 16:34:37,105 INFO  c.c.d.collector.CollectorTask - Finished                         0s
2018-06-21 16:34:37,125 INFO  c.c.d.collector.CollectorTask - -----------------------------------
2018-06-21 16:34:37,125 INFO  c.c.d.collector.CollectorTask - server1
2018-06-21 16:34:37,125 INFO  c.c.d.collector.CollectorTask - -----------------------------------
2018-06-21 16:34:37,127 INFO  c.c.d.collector.CollectorTask - Fetched projects   0             0s
2018-06-21 16:34:37,127 INFO  c.c.d.collector.CollectorTask - New projects            0        0s
2018-06-21 16:34:37,127 INFO  c.c.d.collector.CollectorTask - Updated                 0        0s
2018-06-21 16:34:37,127 INFO  c.c.d.collector.CollectorTask - Finished                         0s
2018-06-21 16:59:12,448 INFO  c.c.d.collector.CollectorTask - -----------------------------------
2018-06-21 16:59:12,453 INFO  c.c.d.collector.CollectorTask - server1
2018-06-21 16:59:12,453 INFO  c.c.d.collector.CollectorTask - -----------------------------------
2018-06-21 16:59:12,459 INFO  c.c.d.collector.CollectorTask - Fetched projects   0             0s
2018-06-21 16:59:12,460 INFO  c.c.d.collector.CollectorTask - New projects            0        0s
2018-06-21 16:59:12,460 INFO  c.c.d.collector.CollectorTask - Updated                 0        0s
2018-06-21 16:59:12,460 INFO  c.c.d.collector.CollectorTask - Finished                         0s
2018-06-21 16:59:12,461 INFO  c.c.d.collector.CollectorTask - -----------------------------------
2018-06-21 16:59:12,461 INFO  c.c.d.collector.CollectorTask - server2
2018-06-21 16:59:12,462 INFO  c.c.d.collector.CollectorTask - -----------------------------------
2018-06-21 16:59:12,462 INFO  c.c.d.collector.CollectorTask - Fetched projects   0             0s
2018-06-21 16:59:12,462 INFO  c.c.d.collector.CollectorTask - New projects            0        0s
2018-06-21 16:59:12,463 INFO  c.c.d.collector.CollectorTask - Updated                 0        0s
2018-06-21 16:59:12,636 INFO  c.c.d.collector.CollectorTask - Finished                         0s
2018-06-21 16:59:12,649 INFO  c.c.d.collector.CollectorTask - -----------------------------------
2018-06-21 16:59:12,650 INFO  c.c.d.collector.CollectorTask - server1
2018-06-21 16:59:12,651 INFO  c.c.d.collector.CollectorTask - -----------------------------------
2018-06-21 16:59:12,651 INFO  c.c.d.collector.CollectorTask - Fetched projects   0             0s
2018-06-21 16:59:12,651 INFO  c.c.d.collector.CollectorTask - New projects            0        0s
2018-06-21 16:59:12,651 INFO  c.c.d.collector.CollectorTask - Updated                 0        0s
2018-06-21 16:59:12,651 INFO  c.c.d.collector.CollectorTask - Finished                         0s
2018-06-21 16:59:12,655 INFO  c.c.d.collector.CollectorTask - -----------------------------------
2018-06-21 16:59:12,655 INFO  c.c.d.collector.CollectorTask - server1
2018-06-21 16:59:12,655 INFO  c.c.d.collector.CollectorTask - -----------------------------------
2018-06-21 16:59:12,655 INFO  c.c.d.collector.CollectorTask - Fetched projects   0             0s
2018-06-21 16:59:12,656 INFO  c.c.d.collector.CollectorTask - New projects            0        0s
2018-06-21 16:59:12,656 INFO  c.c.d.collector.CollectorTask - Updated                 0        0s
2018-06-21 16:59:12,657 INFO  c.c.d.collector.CollectorTask - Finished                         0s
2018-06-21 16:59:12,660 INFO  c.c.d.collector.CollectorTask - -----------------------------------
2018-06-21 16:59:12,660 INFO  c.c.d.collector.CollectorTask - server1
2018-06-21 16:59:12,660 INFO  c.c.d.collector.CollectorTask - -----------------------------------
2018-06-21 16:59:12,662 INFO  c.c.d.collector.CollectorTask - Fetched projects   0             0s
2018-06-21 16:59:12,662 INFO  c.c.d.collector.CollectorTask - New projects            0        0s
2018-06-21 16:59:12,663 INFO  c.c.d.collector.CollectorTask - Updated                 0        0s
2018-06-21 16:59:12,663 INFO  c.c.d.collector.CollectorTask - Finished                         0s
